#
# There is insufficient memory for the Java Runtime Environment to continue.
# Native memory allocation (mmap) failed to map 57671680 bytes for Failed to commit area from 0x0000000088000000 to 0x000000008b700000 of length 57671680.
# Possible reasons:
#   The system is out of physical RAM or swap space
#   The process is running with CompressedOops enabled, and the Java Heap may be blocking the growth of the native heap
# Possible solutions:
#   Reduce memory load on the system
#   Increase physical memory or swap space
#   Check if swap backing store is full
#   Decrease Java heap size (-Xmx/-Xms)
#   Decrease number of Java threads
#   Decrease Java thread stack sizes (-Xss)
#   Set larger code cache with -XX:ReservedCodeCacheSize=
#   JVM is running with Unscaled Compressed Oops mode in which the Java heap is
#     placed in the first 4GB address space. The Java Heap base address is the
#     maximum limit for the native heap growth. Please use -XX:HeapBaseMinAddress
#     to set the Java Heap base and to place the Java Heap above 4GB virtual address.
# This output file may be truncated or incomplete.
#
#  Out of Memory Error (./open/src/hotspot/os/windows/os_windows.cpp:3287), pid=11828, tid=4384
#
# JRE version: Java(TM) SE Runtime Environment 18.9 (11.0.15+8) (build 11.0.15+8-LTS-149)
# Java VM: Java HotSpot(TM) 64-Bit Server VM 18.9 (11.0.15+8-LTS-149, mixed mode, tiered, compressed oops, g1 gc, windows-amd64)
# No core dump will be written. Minidumps are not enabled by default on client versions of Windows
#

---------------  S U M M A R Y ------------

Command Line: -Dcom.sun.management.jmxremote -Dcom.sun.management.jmxremote.port=58445 -Dcom.sun.management.jmxremote.authenticate=false -Dcom.sun.management.jmxremote.ssl=false -Djava.rmi.server.hostname=localhost -Dspring.jmx.enabled=true -Dspring.application.admin.enabled=true -XX:TieredStopAtLevel=1 -Dspring.boot.project.name=ProcessPension-Microservice -Dfile.encoding=UTF-8 com.cts.pension.process.ProcessPensionMicroserviceApplication --spring.output.ansi.enabled=always

Host: Intel(R) Xeon(R) Platinum 8272CL CPU @ 2.60GHz, 2 cores, 7G,  Windows 10 , 64 bit Build 19041 (10.0.19041.1706)
Time: Fri Jun 10 09:19:11 2022 Coordinated Universal Time elapsed time: 1.593619 seconds (0d 0h 0m 1s)

---------------  T H R E A D  ---------------

Current thread (0x0000021de2e95800):  VMThread "VM Thread" [stack: 0x000000b952100000,0x000000b952200000] [id=4384]

Stack: [0x000000b952100000,0x000000b952200000]
[error occurred during error reporting (printing stack bounds), id 0xc0000005, EXCEPTION_ACCESS_VIOLATION (0xc0000005) at pc=0x0000021dcd2d10e7]

Native frames: (J=compiled Java code, j=interpreted, Vv=VM code, C=native code)
V  [jvm.dll+0x629d8a]
V  [jvm.dll+0x7638ff]
V  [jvm.dll+0x764fa9]
V  [jvm.dll+0x765595]
V  [jvm.dll+0x76554b]
V  [jvm.dll+0x629273]
V  [jvm.dll+0x629988]
C  [ntdll.dll+0xa209f]
C  [ntdll.dll+0x51454]
C  [ntdll.dll+0xa0bce]
C  0x0000021dcd2d10e7

VM_Operation (0x000000b9535fb4c0): CollectForMetadataAllocation, mode: safepoint, requested by thread 0x0000021de4358000


---------------  P R O C E S S  ---------------

Threads class SMR info:
_java_thread_list=0x0000021de5152680, length=19, elements={
0x0000021dc5c24000, 0x0000021de2e97800, 0x0000021de2ea2000, 0x0000021de3832800,
0x0000021de2ebb000, 0x0000021de2ebc000, 0x0000021de2ec6800, 0x0000021de2ecc000,
0x0000021de2e37000, 0x0000021de3eea000, 0x0000021de3ef6800, 0x0000021de3ebf800,
0x0000021de4275800, 0x0000021de42fb000, 0x0000021de3f4c000, 0x0000021de433b800,
0x0000021de435c000, 0x0000021de4358800, 0x0000021de4358000
}

Java Threads: ( => current thread )
  0x0000021dc5c24000 JavaThread "main" [_thread_blocked, id=9960, stack(0x000000b951b00000,0x000000b951c00000)]
  0x0000021de2e97800 JavaThread "Reference Handler" daemon [_thread_blocked, id=11276, stack(0x000000b952200000,0x000000b952300000)]
  0x0000021de2ea2000 JavaThread "Finalizer" daemon [_thread_blocked, id=6828, stack(0x000000b952300000,0x000000b952400000)]
  0x0000021de3832800 JavaThread "Signal Dispatcher" daemon [_thread_blocked, id=5932, stack(0x000000b952400000,0x000000b952500000)]
  0x0000021de2ebb000 JavaThread "Attach Listener" daemon [_thread_blocked, id=8840, stack(0x000000b952500000,0x000000b952600000)]
  0x0000021de2ebc000 JavaThread "Service Thread" daemon [_thread_blocked, id=7364, stack(0x000000b952600000,0x000000b952700000)]
  0x0000021de2ec6800 JavaThread "C1 CompilerThread0" daemon [_thread_blocked, id=2860, stack(0x000000b952700000,0x000000b952800000)]
  0x0000021de2ecc000 JavaThread "Sweeper thread" daemon [_thread_blocked, id=11500, stack(0x000000b952800000,0x000000b952900000)]
  0x0000021de2e37000 JavaThread "Common-Cleaner" daemon [_thread_blocked, id=6728, stack(0x000000b952900000,0x000000b952a00000)]
  0x0000021de3eea000 JavaThread "RMI TCP Accept-0" daemon [_thread_in_native, id=7800, stack(0x000000b952b00000,0x000000b952c00000)]
  0x0000021de3ef6800 JavaThread "RMI TCP Accept-58445" daemon [_thread_in_native, id=6464, stack(0x000000b952c00000,0x000000b952d00000)]
  0x0000021de3ebf800 JavaThread "RMI TCP Accept-0" daemon [_thread_in_native, id=7076, stack(0x000000b952d00000,0x000000b952e00000)]
  0x0000021de4275800 JavaThread "logback-1" daemon [_thread_blocked, id=5368, stack(0x000000b952f00000,0x000000b953000000)]
  0x0000021de42fb000 JavaThread "RMI TCP Connection(1)-127.0.0.1" daemon [_thread_in_native, id=4940, stack(0x000000b953000000,0x000000b953100000)]
  0x0000021de3f4c000 JavaThread "RMI Scheduler(0)" daemon [_thread_blocked, id=980, stack(0x000000b953100000,0x000000b953200000)]
  0x0000021de433b800 JavaThread "RMI TCP Connection(2)-127.0.0.1" daemon [_thread_in_native, id=12112, stack(0x000000b953200000,0x000000b953300000)]
  0x0000021de435c000 JavaThread "JMX server connection timeout 19" daemon [_thread_blocked, id=7040, stack(0x000000b953300000,0x000000b953400000)]
  0x0000021de4358800 JavaThread "Thread-0" [_thread_blocked, id=11716, stack(0x000000b953400000,0x000000b953500000)]
  0x0000021de4358000 JavaThread "restartedMain" [_thread_blocked, id=9432, stack(0x000000b953500000,0x000000b953600000)]

Other Threads:
=>0x0000021de2e95800 VMThread "VM Thread" [stack: 0x000000b952100000,0x000000b952200000] [id=4384]
  0x0000021de3f5e000 WatcherThread [stack: 0x000000b952e00000,0x000000b952f00000] [id=9772]
  0x0000021dc5c39000 GCTaskThread "GC Thread#0" [stack: 0x000000b951c00000,0x000000b951d00000] [id=7260]
  0x0000021de3cd8800 GCTaskThread "GC Thread#1" [stack: 0x000000b952a00000,0x000000b952b00000] [id=9448]
  0x0000021dc5c69800 ConcurrentGCThread "G1 Main Marker" [stack: 0x000000b951d00000,0x000000b951e00000] [id=3708]
  0x0000021dc5c6b800 ConcurrentGCThread "G1 Conc#0" [stack: 0x000000b951e00000,0x000000b951f00000] [id=6816]
  0x0000021dc5cf8000 ConcurrentGCThread "G1 Refine#0" [stack: 0x000000b951f00000,0x000000b952000000] [id=10824]
  0x0000021dc5cf9800 ConcurrentGCThread "G1 Young RemSet Sampling" [stack: 0x000000b952000000,0x000000b952100000] [id=8828]

Threads with active compile tasks:
C1 CompilerThread0   1607 1864       1       java.util.Collections$UnmodifiableCollection::iterator (9 bytes)

VM state:at safepoint (normal execution)

VM Mutex/Monitor currently owned by a thread:  ([mutex/lock_event])
[0x0000021dc5c21070] Threads_lock - owner thread: 0x0000021de2e95800
[0x0000021dc5c20650] Heap_lock - owner thread: 0x0000021de4358000

Heap address: 0x0000000080000000, size: 2048 MB, Compressed Oops mode: 32-bit
Narrow klass base: 0x0000000000000000, Narrow klass shift: 3
Compressed class space size: 1073741824 Address: 0x0000000100000000

Heap:
 garbage-first heap   total 187392K, used 9566K [0x0000000080000000, 0x0000000100000000)
  region size 1024K, 1 young (1024K), 1 survivors (1024K)
 Metaspace       used 20524K, capacity 21124K, committed 21248K, reserved 1067008K
  class space    used 2442K, capacity 2715K, committed 2816K, reserved 1048576K
Heap Regions: E=young(eden), S=young(survivor), O=old, HS=humongous(starts), HC=humongous(continues), CS=collection set, F=free, A=archive, TAMS=top-at-mark-start (previous, next)
|   0|0x0000000080000000, 0x0000000080100000, 0x0000000080100000|100%| O|  |TAMS 0x0000000080000000, 0x0000000080100000| Untracked 
|   1|0x0000000080100000, 0x0000000080200000, 0x0000000080200000|100%| O|  |TAMS 0x0000000080100000, 0x0000000080200000| Untracked 
|   2|0x0000000080200000, 0x0000000080300000, 0x0000000080300000|100%| O|  |TAMS 0x0000000080200000, 0x0000000080300000| Untracked 
|   3|0x0000000080300000, 0x0000000080400000, 0x0000000080400000|100%| O|  |TAMS 0x0000000080300000, 0x0000000080400000| Untracked 
|   4|0x0000000080400000, 0x0000000080500000, 0x0000000080500000|100%| O|  |TAMS 0x0000000080400000, 0x0000000080500000| Untracked 
|   5|0x0000000080500000, 0x0000000080600000, 0x0000000080600000|100%| O|  |TAMS 0x0000000080500000, 0x0000000080600000| Untracked 
|   6|0x0000000080600000, 0x0000000080700000, 0x0000000080700000|100%| O|  |TAMS 0x0000000080600000, 0x0000000080700000| Untracked 
|   7|0x0000000080700000, 0x0000000080800000, 0x0000000080800000|100%| O|  |TAMS 0x0000000080700000, 0x0000000080800000| Untracked 
|   8|0x0000000080800000, 0x0000000080859a00, 0x0000000080900000| 35%| O|  |TAMS 0x0000000080800000, 0x0000000080859a00| Untracked 
|   9|0x0000000080900000, 0x0000000080900000, 0x0000000080a00000|  0%| F|  |TAMS 0x0000000080900000, 0x0000000080900000| Untracked 
|  10|0x0000000080a00000, 0x0000000080a00000, 0x0000000080b00000|  0%| F|  |TAMS 0x0000000080a00000, 0x0000000080a00000| Untracked 
|  11|0x0000000080b00000, 0x0000000080b00000, 0x0000000080c00000|  0%| F|  |TAMS 0x0000000080b00000, 0x0000000080b00000| Untracked 
|  12|0x0000000080c00000, 0x0000000080c00000, 0x0000000080d00000|  0%| F|  |TAMS 0x0000000080c00000, 0x0000000080c00000| Untracked 
|  13|0x0000000080d00000, 0x0000000080d00000, 0x0000000080e00000|  0%| F|  |TAMS 0x0000000080d00000, 0x0000000080d00000| Untracked 
|  14|0x0000000080e00000, 0x0000000080e00000, 0x0000000080f00000|  0%| F|  |TAMS 0x0000000080e00000, 0x0000000080e00000| Untracked 
|  15|0x0000000080f00000, 0x0000000080f00000, 0x0000000081000000|  0%| F|  |TAMS 0x0000000080f00000, 0x0000000080f00000| Untracked 
|  16|0x0000000081000000, 0x0000000081000000, 0x0000000081100000|  0%| F|  |TAMS 0x0000000081000000, 0x0000000081000000| Untracked 
|  17|0x0000000081100000, 0x0000000081100000, 0x0000000081200000|  0%| F|  |TAMS 0x0000000081100000, 0x0000000081100000| Untracked 
|  18|0x0000000081200000, 0x0000000081200000, 0x0000000081300000|  0%| F|  |TAMS 0x0000000081200000, 0x0000000081200000| Untracked 
|  19|0x0000000081300000, 0x0000000081300000, 0x0000000081400000|  0%| F|  |TAMS 0x0000000081300000, 0x0000000081300000| Untracked 
|  20|0x0000000081400000, 0x0000000081400000, 0x0000000081500000|  0%| F|  |TAMS 0x0000000081400000, 0x0000000081400000| Untracked 
|  21|0x0000000081500000, 0x0000000081500000, 0x0000000081600000|  0%| F|  |TAMS 0x0000000081500000, 0x0000000081500000| Untracked 
|  22|0x0000000081600000, 0x0000000081600000, 0x0000000081700000|  0%| F|  |TAMS 0x0000000081600000, 0x0000000081600000| Untracked 
|  23|0x0000000081700000, 0x0000000081700000, 0x0000000081800000|  0%| F|  |TAMS 0x0000000081700000, 0x0000000081700000| Untracked 
|  24|0x0000000081800000, 0x0000000081800000, 0x0000000081900000|  0%| F|  |TAMS 0x0000000081800000, 0x0000000081800000| Untracked 
|  25|0x0000000081900000, 0x0000000081900000, 0x0000000081a00000|  0%| F|  |TAMS 0x0000000081900000, 0x0000000081900000| Untracked 
|  26|0x0000000081a00000, 0x0000000081a00000, 0x0000000081b00000|  0%| F|  |TAMS 0x0000000081a00000, 0x0000000081a00000| Untracked 
|  27|0x0000000081b00000, 0x0000000081b00000, 0x0000000081c00000|  0%| F|  |TAMS 0x0000000081b00000, 0x0000000081b00000| Untracked 
|  28|0x0000000081c00000, 0x0000000081c00000, 0x0000000081d00000|  0%| F|  |TAMS 0x0000000081c00000, 0x0000000081c00000| Untracked 
|  29|0x0000000081d00000, 0x0000000081d00000, 0x0000000081e00000|  0%| F|  |TAMS 0x0000000081d00000, 0x0000000081d00000| Untracked 
|  30|0x0000000081e00000, 0x0000000081e00000, 0x0000000081f00000|  0%| F|  |TAMS 0x0000000081e00000, 0x0000000081e00000| Untracked 
|  31|0x0000000081f00000, 0x0000000081f00000, 0x0000000082000000|  0%| F|  |TAMS 0x0000000081f00000, 0x0000000081f00000| Untracked 
|  32|0x0000000082000000, 0x0000000082000000, 0x0000000082100000|  0%| F|  |TAMS 0x0000000082000000, 0x0000000082000000| Untracked 
|  33|0x0000000082100000, 0x0000000082100000, 0x0000000082200000|  0%| F|  |TAMS 0x0000000082100000, 0x0000000082100000| Untracked 
|  34|0x0000000082200000, 0x0000000082200000, 0x0000000082300000|  0%| F|  |TAMS 0x0000000082200000, 0x0000000082200000| Untracked 
|  35|0x0000000082300000, 0x0000000082300000, 0x0000000082400000|  0%| F|  |TAMS 0x0000000082300000, 0x0000000082300000| Untracked 
|  36|0x0000000082400000, 0x0000000082400000, 0x0000000082500000|  0%| F|  |TAMS 0x0000000082400000, 0x0000000082400000| Untracked 
|  37|0x0000000082500000, 0x0000000082500000, 0x0000000082600000|  0%| F|  |TAMS 0x0000000082500000, 0x0000000082500000| Untracked 
|  38|0x0000000082600000, 0x0000000082600000, 0x0000000082700000|  0%| F|  |TAMS 0x0000000082600000, 0x0000000082600000| Untracked 
|  39|0x0000000082700000, 0x0000000082700000, 0x0000000082800000|  0%| F|  |TAMS 0x0000000082700000, 0x0000000082700000| Untracked 
|  40|0x0000000082800000, 0x0000000082800000, 0x0000000082900000|  0%| F|  |TAMS 0x0000000082800000, 0x0000000082800000| Untracked 
|  41|0x0000000082900000, 0x0000000082900000, 0x0000000082a00000|  0%| F|  |TAMS 0x0000000082900000, 0x0000000082900000| Untracked 
|  42|0x0000000082a00000, 0x0000000082a00000, 0x0000000082b00000|  0%| F|  |TAMS 0x0000000082a00000, 0x0000000082a00000| Untracked 
|  43|0x0000000082b00000, 0x0000000082b00000, 0x0000000082c00000|  0%| F|  |TAMS 0x0000000082b00000, 0x0000000082b00000| Untracked 
|  44|0x0000000082c00000, 0x0000000082c00000, 0x0000000082d00000|  0%| F|  |TAMS 0x0000000082c00000, 0x0000000082c00000| Untracked 
|  45|0x0000000082d00000, 0x0000000082d00000, 0x0000000082e00000|  0%| F|  |TAMS 0x0000000082d00000, 0x0000000082d00000| Untracked 
|  46|0x0000000082e00000, 0x0000000082e00000, 0x0000000082f00000|  0%| F|  |TAMS 0x0000000082e00000, 0x0000000082e00000| Untracked 
|  47|0x0000000082f00000, 0x0000000082f00000, 0x0000000083000000|  0%| F|  |TAMS 0x0000000082f00000, 0x0000000082f00000| Untracked 
|  48|0x0000000083000000, 0x0000000083000000, 0x0000000083100000|  0%| F|  |TAMS 0x0000000083000000, 0x0000000083000000| Untracked 
|  49|0x0000000083100000, 0x0000000083100000, 0x0000000083200000|  0%| F|  |TAMS 0x0000000083100000, 0x0000000083100000| Untracked 
|  50|0x0000000083200000, 0x0000000083200000, 0x0000000083300000|  0%| F|  |TAMS 0x0000000083200000, 0x0000000083200000| Untracked 
|  51|0x0000000083300000, 0x0000000083300000, 0x0000000083400000|  0%| F|  |TAMS 0x0000000083300000, 0x0000000083300000| Untracked 
|  52|0x0000000083400000, 0x0000000083400000, 0x0000000083500000|  0%| F|  |TAMS 0x0000000083400000, 0x0000000083400000| Untracked 
|  53|0x0000000083500000, 0x0000000083500000, 0x0000000083600000|  0%| F|  |TAMS 0x0000000083500000, 0x0000000083500000| Untracked 
|  54|0x0000000083600000, 0x0000000083600000, 0x0000000083700000|  0%| F|  |TAMS 0x0000000083600000, 0x0000000083600000| Untracked 
|  55|0x0000000083700000, 0x0000000083700000, 0x0000000083800000|  0%| F|  |TAMS 0x0000000083700000, 0x0000000083700000| Untracked 
|  56|0x0000000083800000, 0x0000000083800000, 0x0000000083900000|  0%| F|  |TAMS 0x0000000083800000, 0x0000000083800000| Untracked 
|  57|0x0000000083900000, 0x0000000083900000, 0x0000000083a00000|  0%| F|  |TAMS 0x0000000083900000, 0x0000000083900000| Untracked 
|  58|0x0000000083a00000, 0x0000000083a00000, 0x0000000083b00000|  0%| F|  |TAMS 0x0000000083a00000, 0x0000000083a00000| Untracked 
|  59|0x0000000083b00000, 0x0000000083b00000, 0x0000000083c00000|  0%| F|  |TAMS 0x0000000083b00000, 0x0000000083b00000| Untracked 
|  60|0x0000000083c00000, 0x0000000083c00000, 0x0000000083d00000|  0%| F|  |TAMS 0x0000000083c00000, 0x0000000083c00000| Untracked 
|  61|0x0000000083d00000, 0x0000000083d00000, 0x0000000083e00000|  0%| F|  |TAMS 0x0000000083d00000, 0x0000000083d00000| Untracked 
|  62|0x0000000083e00000, 0x0000000083e00000, 0x0000000083f00000|  0%| F|  |TAMS 0x0000000083e00000, 0x0000000083e00000| Untracked 
|  63|0x0000000083f00000, 0x0000000083f00000, 0x0000000084000000|  0%| F|  |TAMS 0x0000000083f00000, 0x0000000083f00000| Untracked 
|  64|0x0000000084000000, 0x0000000084000000, 0x0000000084100000|  0%| F|  |TAMS 0x0000000084000000, 0x0000000084000000| Untracked 
|  65|0x0000000084100000, 0x0000000084100000, 0x0000000084200000|  0%| F|  |TAMS 0x0000000084100000, 0x0000000084100000| Untracked 
|  66|0x0000000084200000, 0x0000000084200000, 0x0000000084300000|  0%| F|  |TAMS 0x0000000084200000, 0x0000000084200000| Untracked 
|  67|0x0000000084300000, 0x0000000084300000, 0x0000000084400000|  0%| F|  |TAMS 0x0000000084300000, 0x0000000084300000| Untracked 
|  68|0x0000000084400000, 0x0000000084400000, 0x0000000084500000|  0%| F|  |TAMS 0x0000000084400000, 0x0000000084400000| Untracked 
|  69|0x0000000084500000, 0x0000000084500000, 0x0000000084600000|  0%| F|  |TAMS 0x0000000084500000, 0x0000000084500000| Untracked 
|  70|0x0000000084600000, 0x0000000084600000, 0x0000000084700000|  0%| F|  |TAMS 0x0000000084600000, 0x0000000084600000| Untracked 
|  71|0x0000000084700000, 0x0000000084700000, 0x0000000084800000|  0%| F|  |TAMS 0x0000000084700000, 0x0000000084700000| Untracked 
|  72|0x0000000084800000, 0x0000000084800000, 0x0000000084900000|  0%| F|  |TAMS 0x0000000084800000, 0x0000000084800000| Untracked 
|  73|0x0000000084900000, 0x0000000084900000, 0x0000000084a00000|  0%| F|  |TAMS 0x0000000084900000, 0x0000000084900000| Untracked 
|  74|0x0000000084a00000, 0x0000000084a00000, 0x0000000084b00000|  0%| F|  |TAMS 0x0000000084a00000, 0x0000000084a00000| Untracked 
|  75|0x0000000084b00000, 0x0000000084b00000, 0x0000000084c00000|  0%| F|  |TAMS 0x0000000084b00000, 0x0000000084b00000| Untracked 
|  76|0x0000000084c00000, 0x0000000084c00000, 0x0000000084d00000|  0%| F|  |TAMS 0x0000000084c00000, 0x0000000084c00000| Untracked 
|  77|0x0000000084d00000, 0x0000000084d00000, 0x0000000084e00000|  0%| F|  |TAMS 0x0000000084d00000, 0x0000000084d00000| Untracked 
|  78|0x0000000084e00000, 0x0000000084e00000, 0x0000000084f00000|  0%| F|  |TAMS 0x0000000084e00000, 0x0000000084e00000| Untracked 
|  79|0x0000000084f00000, 0x0000000084f00000, 0x0000000085000000|  0%| F|  |TAMS 0x0000000084f00000, 0x0000000084f00000| Untracked 
|  80|0x0000000085000000, 0x0000000085000000, 0x0000000085100000|  0%| F|  |TAMS 0x0000000085000000, 0x0000000085000000| Untracked 
|  81|0x0000000085100000, 0x0000000085100000, 0x0000000085200000|  0%| F|  |TAMS 0x0000000085100000, 0x0000000085100000| Untracked 
|  82|0x0000000085200000, 0x0000000085200000, 0x0000000085300000|  0%| F|  |TAMS 0x0000000085200000, 0x0000000085200000| Untracked 
|  83|0x0000000085300000, 0x0000000085300000, 0x0000000085400000|  0%| F|  |TAMS 0x0000000085300000, 0x0000000085300000| Untracked 
|  84|0x0000000085400000, 0x0000000085400000, 0x0000000085500000|  0%| F|  |TAMS 0x0000000085400000, 0x0000000085400000| Untracked 
|  85|0x0000000085500000, 0x0000000085500000, 0x0000000085600000|  0%| F|  |TAMS 0x0000000085500000, 0x0000000085500000| Untracked 
|  86|0x0000000085600000, 0x0000000085600000, 0x0000000085700000|  0%| F|  |TAMS 0x0000000085600000, 0x0000000085600000| Untracked 
|  87|0x0000000085700000, 0x0000000085700000, 0x0000000085800000|  0%| F|  |TAMS 0x0000000085700000, 0x0000000085700000| Untracked 
|  88|0x0000000085800000, 0x0000000085800000, 0x0000000085900000|  0%| F|  |TAMS 0x0000000085800000, 0x0000000085800000| Untracked 
|  89|0x0000000085900000, 0x0000000085900000, 0x0000000085a00000|  0%| F|  |TAMS 0x0000000085900000, 0x0000000085900000| Untracked 
|  90|0x0000000085a00000, 0x0000000085a00000, 0x0000000085b00000|  0%| F|  |TAMS 0x0000000085a00000, 0x0000000085a00000| Untracked 
|  91|0x0000000085b00000, 0x0000000085b00000, 0x0000000085c00000|  0%| F|  |TAMS 0x0000000085b00000, 0x0000000085b00000| Untracked 
|  92|0x0000000085c00000, 0x0000000085c00000, 0x0000000085d00000|  0%| F|  |TAMS 0x0000000085c00000, 0x0000000085c00000| Untracked 
|  93|0x0000000085d00000, 0x0000000085d00000, 0x0000000085e00000|  0%| F|  |TAMS 0x0000000085d00000, 0x0000000085d00000| Untracked 
|  94|0x0000000085e00000, 0x0000000085e00000, 0x0000000085f00000|  0%| F|  |TAMS 0x0000000085e00000, 0x0000000085e00000| Untracked 
|  95|0x0000000085f00000, 0x0000000085f00000, 0x0000000086000000|  0%| F|  |TAMS 0x0000000085f00000, 0x0000000085f00000| Untracked 
|  96|0x0000000086000000, 0x0000000086000000, 0x0000000086100000|  0%| F|  |TAMS 0x0000000086000000, 0x0000000086000000| Untracked 
|  97|0x0000000086100000, 0x0000000086100000, 0x0000000086200000|  0%| F|  |TAMS 0x0000000086100000, 0x0000000086100000| Untracked 
|  98|0x0000000086200000, 0x0000000086200000, 0x0000000086300000|  0%| F|  |TAMS 0x0000000086200000, 0x0000000086200000| Untracked 
|  99|0x0000000086300000, 0x0000000086300000, 0x0000000086400000|  0%| F|  |TAMS 0x0000000086300000, 0x0000000086300000| Untracked 
| 100|0x0000000086400000, 0x0000000086400000, 0x0000000086500000|  0%| F|  |TAMS 0x0000000086400000, 0x0000000086400000| Untracked 
| 101|0x0000000086500000, 0x0000000086500000, 0x0000000086600000|  0%| F|  |TAMS 0x0000000086500000, 0x0000000086500000| Untracked 
| 102|0x0000000086600000, 0x0000000086600000, 0x0000000086700000|  0%| F|  |TAMS 0x0000000086600000, 0x0000000086600000| Untracked 
| 103|0x0000000086700000, 0x0000000086700000, 0x0000000086800000|  0%| F|  |TAMS 0x0000000086700000, 0x0000000086700000| Untracked 
| 104|0x0000000086800000, 0x0000000086800000, 0x0000000086900000|  0%| F|  |TAMS 0x0000000086800000, 0x0000000086800000| Untracked 
| 105|0x0000000086900000, 0x0000000086900000, 0x0000000086a00000|  0%| F|  |TAMS 0x0000000086900000, 0x0000000086900000| Untracked 
| 106|0x0000000086a00000, 0x0000000086a00000, 0x0000000086b00000|  0%| F|  |TAMS 0x0000000086a00000, 0x0000000086a00000| Untracked 
| 107|0x0000000086b00000, 0x0000000086b00000, 0x0000000086c00000|  0%| F|  |TAMS 0x0000000086b00000, 0x0000000086b00000| Untracked 
| 108|0x0000000086c00000, 0x0000000086cfdf80, 0x0000000086d00000| 99%| S|CS|TAMS 0x0000000086c00000, 0x0000000086c00000| Complete 
| 109|0x0000000086d00000, 0x0000000086d00000, 0x0000000086e00000|  0%| F|  |TAMS 0x0000000086d00000, 0x0000000086d00000| Untracked 
| 110|0x0000000086e00000, 0x0000000086e00000, 0x0000000086f00000|  0%| F|  |TAMS 0x0000000086e00000, 0x0000000086e00000| Untracked 
| 111|0x0000000086f00000, 0x0000000086f00000, 0x0000000087000000|  0%| F|  |TAMS 0x0000000086f00000, 0x0000000086f00000| Untracked 
| 112|0x0000000087000000, 0x0000000087000000, 0x0000000087100000|  0%| F|  |TAMS 0x0000000087000000, 0x0000000087000000| Untracked 
| 113|0x0000000087100000, 0x0000000087100000, 0x0000000087200000|  0%| F|  |TAMS 0x0000000087100000, 0x0000000087100000| Untracked 
| 114|0x0000000087200000, 0x0000000087200000, 0x0000000087300000|  0%| F|  |TAMS 0x0000000087200000, 0x0000000087200000| Untracked 
| 115|0x0000000087300000, 0x0000000087300000, 0x0000000087400000|  0%| F|  |TAMS 0x0000000087300000, 0x0000000087300000| Untracked 
| 116|0x0000000087400000, 0x0000000087400000, 0x0000000087500000|  0%| F|  |TAMS 0x0000000087400000, 0x0000000087400000| Untracked 
| 117|0x0000000087500000, 0x0000000087500000, 0x0000000087600000|  0%| F|  |TAMS 0x0000000087500000, 0x0000000087500000| Untracked 
| 118|0x0000000087600000, 0x0000000087600000, 0x0000000087700000|  0%| F|  |TAMS 0x0000000087600000, 0x0000000087600000| Untracked 
| 119|0x0000000087700000, 0x0000000087700000, 0x0000000087800000|  0%| F|  |TAMS 0x0000000087700000, 0x0000000087700000| Untracked 
| 120|0x0000000087800000, 0x0000000087800000, 0x0000000087900000|  0%| F|  |TAMS 0x0000000087800000, 0x0000000087800000| Untracked 
| 121|0x0000000087900000, 0x0000000087900000, 0x0000000087a00000|  0%| F|  |TAMS 0x0000000087900000, 0x0000000087900000| Untracked 
| 122|0x0000000087a00000, 0x0000000087a00000, 0x0000000087b00000|  0%| F|  |TAMS 0x0000000087a00000, 0x0000000087a00000| Untracked 
| 123|0x0000000087b00000, 0x0000000087b00000, 0x0000000087c00000|  0%| F|  |TAMS 0x0000000087b00000, 0x0000000087b00000| Untracked 
| 124|0x0000000087c00000, 0x0000000087c00000, 0x0000000087d00000|  0%| F|  |TAMS 0x0000000087c00000, 0x0000000087c00000| Untracked 
| 125|0x0000000087d00000, 0x0000000087d00000, 0x0000000087e00000|  0%| F|  |TAMS 0x0000000087d00000, 0x0000000087d00000| Untracked 
| 126|0x0000000087e00000, 0x0000000087e00000, 0x0000000087f00000|  0%| F|  |TAMS 0x0000000087e00000, 0x0000000087e00000| Untracked 
| 127|0x0000000087f00000, 0x0000000087f00000, 0x0000000088000000|  0%| F|  |TAMS 0x0000000087f00000, 0x0000000087f00000| Untracked 

Card table byte_map: [0x0000021ddc2d0000,0x0000021ddc6d0000] _byte_map_base: 0x0000021ddbed0000

Marking Bits (Prev, Next): (CMBitMap*) 0x0000021dc5c60798, (CMBitMap*) 0x0000021dc5c607d0
 Prev Bits: [0x0000021ddcad0000, 0x0000021ddead0000)
 Next Bits: [0x0000021ddead0000, 0x0000021de0ad0000)

Polling page: 0x0000021dc3980000

Metaspace:

Usage:
  Non-class:     17.98 MB capacity,    17.66 MB ( 98%) used,   259.79 KB (  1%) free+waste,    67.38 KB ( <1%) overhead. 
      Class:      2.65 MB capacity,     2.39 MB ( 90%) used,   236.10 KB (  9%) free+waste,    36.63 KB (  1%) overhead. 
       Both:     20.63 MB capacity,    20.04 MB ( 97%) used,   495.89 KB (  2%) free+waste,   104.00 KB ( <1%) overhead. 

Virtual space:
  Non-class space:       18.00 MB reserved,      18.00 MB (100%) committed 
      Class space:        1.00 GB reserved,       2.75 MB ( <1%) committed 
             Both:        1.02 GB reserved,      20.75 MB (  2%) committed 

Chunk freelists:
   Non-Class:  2.88 KB
       Class:  640 bytes
        Both:  3.50 KB

CodeHeap 'non-profiled nmethods': size=239488Kb used=2536Kb max_used=2536Kb free=236952Kb
 bounds [0x0000021dcd8f0000, 0x0000021dcdb70000, 0x0000021ddc2d0000]
CodeHeap 'non-nmethods': size=6272Kb used=1157Kb max_used=1157Kb free=5114Kb
 bounds [0x0000021dcd2d0000, 0x0000021dcd540000, 0x0000021dcd8f0000]
 total_blobs=2335 nmethods=1863 adapters=398
 compilation: enabled
              stopped_count=0, restarted_count=0
 full_count=0

Compilation events (10 events):
Event: 1.580 Thread 0x0000021de2ec6800 nmethod 1859 0x0000021dcdb67890 code [0x0000021dcdb67aa0, 0x0000021dcdb67f68]
Event: 1.580 Thread 0x0000021de2ec6800 1860       1       java.lang.invoke.MethodHandles$Lookup::getDirectMethodForConstant (72 bytes)
Event: 1.581 Thread 0x0000021de2ec6800 nmethod 1860 0x0000021dcdb68210 code [0x0000021dcdb68460, 0x0000021dcdb68ba8]
Event: 1.581 Thread 0x0000021de2ec6800 1861       1       jdk.internal.org.objectweb.asm.ClassWriter::visitEnd (1 bytes)
Event: 1.581 Thread 0x0000021de2ec6800 nmethod 1861 0x0000021dcdb68f90 code [0x0000021dcdb69120, 0x0000021dcdb691d8]
Event: 1.584 Thread 0x0000021de2ec6800 1862       1       java.util.LinkedHashMap$LinkedKeyIterator::next (8 bytes)
Event: 1.584 Thread 0x0000021de2ec6800 nmethod 1862 0x0000021dcdb69290 code [0x0000021dcdb69420, 0x0000021dcdb69508]
Event: 1.584 Thread 0x0000021de2ec6800 1863       1       org.springframework.boot.context.config.ConfigDataEnvironmentContributor$ContributorIterator::fetchIfNecessary (153 bytes)
Event: 1.584 Thread 0x0000021de2ec6800 nmethod 1863 0x0000021dcdb69590 code [0x0000021dcdb697e0, 0x0000021dcdb69e08]
Event: 1.584 Thread 0x0000021de2ec6800 1864       1       java.util.Collections$UnmodifiableCollection::iterator (9 bytes)

GC Heap History (9 events):
Event: 0.304 GC heap before
{Heap before GC invocations=0 (full 0):
 garbage-first heap   total 131072K, used 6144K [0x0000000080000000, 0x0000000100000000)
  region size 1024K, 7 young (7168K), 0 survivors (0K)
 Metaspace       used 5974K, capacity 6030K, committed 6272K, reserved 1056768K
  class space    used 530K, capacity 567K, committed 640K, reserved 1048576K
}
Event: 0.310 GC heap after
{Heap after GC invocations=1 (full 0):
 garbage-first heap   total 131072K, used 4394K [0x0000000080000000, 0x0000000100000000)
  region size 1024K, 1 young (1024K), 1 survivors (1024K)
 Metaspace       used 5974K, capacity 6030K, committed 6272K, reserved 1056768K
  class space    used 530K, capacity 567K, committed 640K, reserved 1048576K
}
Event: 0.627 GC heap before
{Heap before GC invocations=1 (full 0):
 garbage-first heap   total 131072K, used 9514K [0x0000000080000000, 0x0000000100000000)
  region size 1024K, 6 young (6144K), 1 survivors (1024K)
 Metaspace       used 11136K, capacity 11355K, committed 11520K, reserved 1058816K
  class space    used 1171K, capacity 1270K, committed 1280K, reserved 1048576K
}
Event: 0.633 GC heap after
{Heap after GC invocations=2 (full 0):
 garbage-first heap   total 131072K, used 5566K [0x0000000080000000, 0x0000000100000000)
  region size 1024K, 1 young (1024K), 1 survivors (1024K)
 Metaspace       used 11136K, capacity 11355K, committed 11520K, reserved 1058816K
  class space    used 1171K, capacity 1270K, committed 1280K, reserved 1048576K
}
Event: 0.969 GC heap before
{Heap before GC invocations=2 (full 0):
 garbage-first heap   total 131072K, used 15806K [0x0000000080000000, 0x0000000100000000)
  region size 1024K, 11 young (11264K), 1 survivors (1024K)
 Metaspace       used 15476K, capacity 15837K, committed 16000K, reserved 1062912K
  class space    used 1725K, capacity 1877K, committed 1920K, reserved 1048576K
}
Event: 0.984 GC heap after
{Heap after GC invocations=3 (full 0):
 garbage-first heap   total 131072K, used 7289K [0x0000000080000000, 0x0000000100000000)
  region size 1024K, 2 young (2048K), 2 survivors (2048K)
 Metaspace       used 15476K, capacity 15837K, committed 16000K, reserved 1062912K
  class space    used 1725K, capacity 1877K, committed 1920K, reserved 1048576K
}
Event: 1.226 GC heap before
{Heap before GC invocations=3 (full 0):
 garbage-first heap   total 131072K, used 20601K [0x0000000080000000, 0x0000000100000000)
  region size 1024K, 16 young (16384K), 2 survivors (2048K)
 Metaspace       used 17638K, capacity 18168K, committed 18432K, reserved 1064960K
  class space    used 2031K, capacity 2248K, committed 2304K, reserved 1048576K
}
Event: 1.236 GC heap after
{Heap after GC invocations=4 (full 0):
 garbage-first heap   total 131072K, used 9660K [0x0000000080000000, 0x0000000100000000)
  region size 1024K, 2 young (2048K), 2 survivors (2048K)
 Metaspace       used 17638K, capacity 18168K, committed 18432K, reserved 1064960K
  class space    used 2031K, capacity 2248K, committed 2304K, reserved 1048576K
}
Event: 1.584 GC heap before
{Heap before GC invocations=4 (full 0):
 garbage-first heap   total 131072K, used 26044K [0x0000000080000000, 0x0000000100000000)
  region size 1024K, 19 young (19456K), 2 survivors (2048K)
 Metaspace       used 20524K, capacity 21124K, committed 21248K, reserved 1067008K
  class space    used 2442K, capacity 2715K, committed 2816K, reserved 1048576K
}

Deoptimization events (0 events):
No events

Classes redefined (0 events):
No events

Internal exceptions (10 events):
Event: 1.407 Thread 0x0000021de4358000 Exception <a 'java/lang/NoSuchMethodError'{0x000000008751d240}: java.lang.invoke.DirectMethodHandle$Holder.invokeSpecial(Ljava/lang/Object;Ljava/lang/Object;Ljava/lang/Object;Ljava/lang/Object;)I> (0x000000008751d240) thrown at [./open/src/hotspot/share/i
Event: 1.417 Thread 0x0000021de4358000 Exception <a 'java/lang/NoSuchMethodError'{0x0000000087586330}: java.lang.invoke.DirectMethodHandle$Holder.invokeInterface(Ljava/lang/Object;Ljava/lang/Object;Ljava/lang/Object;)Ljava/lang/Object;> (0x0000000087586330) thrown at [./open/src/hotspot/share/
Event: 1.417 Thread 0x0000021de4358000 Exception <a 'java/lang/IncompatibleClassChangeError'{0x00000000875892b8}: Found class java.lang.Object, but interface was expected> (0x00000000875892b8) thrown at [./open/src/hotspot/share/interpreter/linkResolver.cpp, line 838]
Event: 1.427 Thread 0x0000021de4358000 Exception <a 'java/lang/NoSuchMethodError'{0x0000000087437700}: java.lang.invoke.DirectMethodHandle$Holder.invokeSpecialIFC(Ljava/lang/Object;Ljava/lang/Object;I)I> (0x0000000087437700) thrown at [./open/src/hotspot/share/interpreter/linkResolver.cpp, lin
Event: 1.432 Thread 0x0000021de4358000 Exception <a 'java/lang/NoSuchMethodError'{0x0000000087470e78}: java.lang.invoke.DirectMethodHandle$Holder.invokeSpecial(Ljava/lang/Object;Ljava/lang/Object;Ljava/lang/Object;Ljava/lang/Object;)V> (0x0000000087470e78) thrown at [./open/src/hotspot/share/i
Event: 1.452 Thread 0x0000021de4358000 Exception <a 'java/lang/NoSuchMethodError'{0x00000000873e63f8}: java.lang.invoke.Invokers$Holder.linkToTargetMethod(Ljava/lang/Object;Ljava/lang/Object;Ljava/lang/Object;Ljava/lang/Object;Ljava/lang/Object;Ljava/lang/Object;)Ljava/lang/Object;> (0x0000000
Event: 1.456 Thread 0x0000021de4358000 Exception <a 'java/lang/NoSuchMethodError'{0x0000000087212c80}: java.lang.invoke.DelegatingMethodHandle$Holder.delegate(Ljava/lang/Object;Ljava/lang/Object;ILjava/lang/Object;)V> (0x0000000087212c80) thrown at [./open/src/hotspot/share/interpreter/linkRes
Event: 1.560 Thread 0x0000021de4358000 Exception <a 'java/lang/NoSuchMethodError'{0x00000000870052c8}: java.lang.invoke.DirectMethodHandle$Holder.invokeSpecial(Ljava/lang/Object;Ljava/lang/Object;Ljava/lang/Object;Ljava/lang/Object;Ljava/lang/Object;Ljava/lang/Object;I)Ljava/lang/Object;> (0x0
Event: 1.561 Thread 0x0000021de4358000 Exception <a 'java/lang/NoSuchMethodError'{0x000000008700ed28}: java.lang.invoke.DirectMethodHandle$Holder.invokeSpecial(Ljava/lang/Object;Ljava/lang/Object;Ljava/lang/Object;Ljava/lang/Object;Ljava/lang/Object;Ljava/lang/Object;Ljava/lang/Object;I)Ljava/
Event: 1.561 Thread 0x0000021de4358000 Exception <a 'java/lang/NoSuchMethodError'{0x0000000087012bd0}: java.lang.invoke.Invokers$Holder.linkToTargetMethod(Ljava/lang/Object;Ljava/lang/Object;Ljava/lang/Object;Ljava/lang/Object;Ljava/lang/Object;ILjava/lang/Object;)Ljava/lang/Object;> (0x000000

Events (10 events):
Event: 1.582 loading class org/springframework/boot/context/config/ConfigDataResolutionResult done
Event: 1.582 loading class org/springframework/boot/context/config/ConfigDataEnvironmentContributor
Event: 1.582 loading class org/springframework/boot/context/config/ConfigDataEnvironmentContributor done
Event: 1.582 loading class org/springframework/boot/context/config/ConfigDataEnvironmentContributor$ImportPhase
Event: 1.582 loading class org/springframework/boot/context/config/ConfigDataEnvironmentContributor$ImportPhase done
Event: 1.582 loading class org/springframework/boot/context/config/ConfigDataEnvironmentContributor
Event: 1.582 loading class org/springframework/boot/context/config/ConfigDataEnvironmentContributor done
Event: 1.584 loading class org/springframework/core/io/ClassPathResource
Event: 1.584 loading class org/springframework/core/io/ClassPathResource done
Event: 1.584 Executing VM operation: CollectForMetadataAllocation


Dynamic libraries:
0x00007ff6a6790000 - 0x00007ff6a679f000 	C:\Program Files\Java\jdk-11.0.15\bin\javaw.exe
0x00007ffc1be30000 - 0x00007ffc1c025000 	C:\Windows\SYSTEM32\ntdll.dll
0x00007ffc1a060000 - 0x00007ffc1a11d000 	C:\Windows\System32\KERNEL32.DLL
0x00007ffc19bb0000 - 0x00007ffc19e7d000 	C:\Windows\System32\KERNELBASE.dll
0x00007ffc19540000 - 0x00007ffc19640000 	C:\Windows\System32\ucrtbase.dll
0x00007ffc050b0000 - 0x00007ffc050c8000 	C:\Program Files\Java\jdk-11.0.15\bin\jli.dll
0x00007ffc1b830000 - 0x00007ffc1b8de000 	C:\Windows\System32\ADVAPI32.dll
0x00007ffc1b5d0000 - 0x00007ffc1b66e000 	C:\Windows\System32\msvcrt.dll
0x00007ffc1b670000 - 0x00007ffc1b70c000 	C:\Windows\System32\sechost.dll
0x00007ffc1bc30000 - 0x00007ffc1bd55000 	C:\Windows\System32\RPCRT4.dll
0x00007ffc1a120000 - 0x00007ffc1a2c0000 	C:\Windows\System32\USER32.dll
0x00007ffc19980000 - 0x00007ffc199a2000 	C:\Windows\System32\win32u.dll
0x00007ffc1a030000 - 0x00007ffc1a05a000 	C:\Windows\System32\GDI32.dll
0x00007ffc197c0000 - 0x00007ffc198cb000 	C:\Windows\System32\gdi32full.dll
0x00007ffc199b0000 - 0x00007ffc19a4d000 	C:\Windows\System32\msvcp_win.dll
0x00007ffc03230000 - 0x00007ffc03245000 	C:\Program Files\Java\jdk-11.0.15\bin\VCRUNTIME140.dll
0x00007ffbfb810000 - 0x00007ffbfbaaa000 	C:\Windows\WinSxS\amd64_microsoft.windows.common-controls_6595b64144ccf1df_6.0.19041.1110_none_60b5254171f9507e\COMCTL32.dll
0x00007ffc119e0000 - 0x00007ffc119ea000 	C:\Windows\SYSTEM32\VERSION.dll
0x00007ffc1b800000 - 0x00007ffc1b830000 	C:\Windows\System32\IMM32.DLL
0x00007ffbf3d40000 - 0x00007ffbf3ddb000 	C:\Program Files\Java\jdk-11.0.15\bin\msvcp140.dll
0x00007ffbda2b0000 - 0x00007ffbdadc6000 	C:\Program Files\Java\jdk-11.0.15\bin\server\jvm.dll
0x00007ffc1b490000 - 0x00007ffc1b498000 	C:\Windows\System32\PSAPI.DLL
0x00007ffc08060000 - 0x00007ffc08069000 	C:\Windows\SYSTEM32\WSOCK32.dll
0x00007ffc1b710000 - 0x00007ffc1b77b000 	C:\Windows\System32\WS2_32.dll
0x00007ffbf9660000 - 0x00007ffbf9687000 	C:\Windows\SYSTEM32\WINMM.dll
0x00007ffc17420000 - 0x00007ffc17432000 	C:\Windows\SYSTEM32\kernel.appcore.dll
0x00007ffc14f20000 - 0x00007ffc14f30000 	C:\Program Files\Java\jdk-11.0.15\bin\verify.dll
0x00007ffc09470000 - 0x00007ffc09654000 	C:\Windows\SYSTEM32\DBGHELP.DLL
0x00007ffc0b920000 - 0x00007ffc0b94c000 	C:\Windows\SYSTEM32\dbgcore.DLL
0x00007ffc19690000 - 0x00007ffc19712000 	C:\Windows\System32\bcryptPrimitives.dll
0x00007ffc03170000 - 0x00007ffc03198000 	C:\Program Files\Java\jdk-11.0.15\bin\java.dll
0x00007ffc13300000 - 0x00007ffc1330a000 	C:\Program Files\Java\jdk-11.0.15\bin\jimage.dll
0x00007ffc02ea0000 - 0x00007ffc02eb6000 	C:\Program Files\Java\jdk-11.0.15\bin\zip.dll
0x00007ffc1a630000 - 0x00007ffc1ad74000 	C:\Windows\System32\SHELL32.dll
0x00007ffc17620000 - 0x00007ffc17db4000 	C:\Windows\SYSTEM32\windows.storage.dll
0x00007ffc1a2d0000 - 0x00007ffc1a624000 	C:\Windows\System32\combase.dll
0x00007ffc18df0000 - 0x00007ffc18e1c000 	C:\Windows\SYSTEM32\Wldp.dll
0x00007ffc1ba90000 - 0x00007ffc1bb3d000 	C:\Windows\System32\SHCORE.dll
0x00007ffc1b430000 - 0x00007ffc1b485000 	C:\Windows\System32\shlwapi.dll
0x00007ffc19480000 - 0x00007ffc1949f000 	C:\Windows\SYSTEM32\profapi.dll
0x00007ffc02b00000 - 0x00007ffc02b19000 	C:\Program Files\Java\jdk-11.0.15\bin\net.dll
0x00007ffc11040000 - 0x00007ffc1114a000 	C:\Windows\SYSTEM32\WINHTTP.dll
0x00007ffc18bd0000 - 0x00007ffc18c3a000 	C:\Windows\system32\mswsock.dll
0x00007ffc02ae0000 - 0x00007ffc02af2000 	C:\Program Files\Java\jdk-11.0.15\bin\nio.dll
0x00007ffc11fb0000 - 0x00007ffc11fb9000 	C:\Program Files\Java\jdk-11.0.15\bin\management.dll
0x00007ffc10050000 - 0x00007ffc1005b000 	C:\Program Files\Java\jdk-11.0.15\bin\management_ext.dll
0x00007ffbffeb0000 - 0x00007ffbffec7000 	C:\Windows\system32\napinsp.dll
0x00007ffbffe90000 - 0x00007ffbffeab000 	C:\Windows\system32\pnrpnsp.dll
0x00007ffbffe70000 - 0x00007ffbffe85000 	C:\Windows\system32\wshbth.dll
0x00007ffc14f00000 - 0x00007ffc14f1d000 	C:\Windows\system32\NLAapi.dll
0x00007ffc188e0000 - 0x00007ffc1891b000 	C:\Windows\SYSTEM32\IPHLPAPI.DLL
0x00007ffc18930000 - 0x00007ffc189fb000 	C:\Windows\SYSTEM32\DNSAPI.dll
0x00007ffc1bba0000 - 0x00007ffc1bba8000 	C:\Windows\System32\NSI.dll
0x00007ffbffe50000 - 0x00007ffbffe62000 	C:\Windows\System32\winrnr.dll
0x00007ffc10cd0000 - 0x00007ffc10cda000 	C:\Windows\System32\rasadhlp.dll
0x00007ffc112c0000 - 0x00007ffc11340000 	C:\Windows\System32\fwpuclnt.dll
0x00007ffc19720000 - 0x00007ffc19747000 	C:\Windows\System32\bcrypt.dll
0x00007ffc18e30000 - 0x00007ffc18e48000 	C:\Windows\SYSTEM32\CRYPTSP.dll
0x00007ffc18570000 - 0x00007ffc185a4000 	C:\Windows\system32\rsaenh.dll
0x00007ffc19400000 - 0x00007ffc1942e000 	C:\Windows\SYSTEM32\USERENV.dll
0x00007ffc18d60000 - 0x00007ffc18d6c000 	C:\Windows\SYSTEM32\CRYPTBASE.dll
0x00007ffc12050000 - 0x00007ffc12067000 	C:\Windows\SYSTEM32\dhcpcsvc6.DLL
0x00007ffc12030000 - 0x00007ffc1204d000 	C:\Windows\SYSTEM32\dhcpcsvc.DLL

dbghelp: loaded successfully - version: 4.0.5 - missing functions: none
symbol engine: initialized successfully - sym options: 0x614 - pdb path: .;C:\Program Files\Java\jdk-11.0.15\bin;C:\Windows\SYSTEM32;C:\Windows\WinSxS\amd64_microsoft.windows.common-controls_6595b64144ccf1df_6.0.19041.1110_none_60b5254171f9507e;C:\Program Files\Java\jdk-11.0.15\bin\server

VM Arguments:
jvm_args: -Dcom.sun.management.jmxremote -Dcom.sun.management.jmxremote.port=58445 -Dcom.sun.management.jmxremote.authenticate=false -Dcom.sun.management.jmxremote.ssl=false -Djava.rmi.server.hostname=localhost -Dspring.jmx.enabled=true -Dspring.application.admin.enabled=true -XX:TieredStopAtLevel=1 -Dspring.boot.project.name=ProcessPension-Microservice -Dfile.encoding=UTF-8 
java_command: com.cts.pension.process.ProcessPensionMicroserviceApplication --spring.output.ansi.enabled=always
java_class_path (initial): C:\Users\sfjbs\Downloads\Pension-Management-System-main (1)\Pension-Management-System-main\ProcessPension-Microservice\target\classes;C:\Users\sfjbs\.m2\repository\org\springframework\boot\spring-boot-starter-actuator\2.4.2\spring-boot-starter-actuator-2.4.2.jar;C:\Users\sfjbs\.m2\repository\org\springframework\boot\spring-boot-starter\2.4.2\spring-boot-starter-2.4.2.jar;C:\Users\sfjbs\.m2\repository\org\springframework\boot\spring-boot-starter-logging\2.4.2\spring-boot-starter-logging-2.4.2.jar;C:\Users\sfjbs\.m2\repository\ch\qos\logback\logback-classic\1.2.3\logback-classic-1.2.3.jar;C:\Users\sfjbs\.m2\repository\ch\qos\logback\logback-core\1.2.3\logback-core-1.2.3.jar;C:\Users\sfjbs\.m2\repository\org\apache\logging\log4j\log4j-to-slf4j\2.13.3\log4j-to-slf4j-2.13.3.jar;C:\Users\sfjbs\.m2\repository\org\apache\logging\log4j\log4j-api\2.13.3\log4j-api-2.13.3.jar;C:\Users\sfjbs\.m2\repository\org\slf4j\jul-to-slf4j\1.7.30\jul-to-slf4j-1.7.30.jar;C:\Users\sfjbs\.m2\repository\org\yaml\snakeyaml\1.27\snakeyaml-1.27.jar;C:\Users\sfjbs\.m2\repository\org\springframework\boot\spring-boot-actuator-autoconfigure\2.4.2\spring-boot-actuator-autoconfigure-2.4.2.jar;C:\Users\sfjbs\.m2\repository\org\springframework\boot\spring-boot-actuator\2.4.2\spring-boot-actuator-2.4.2.jar;C:\Users\sfjbs\.m2\repository\com\fasterxml\jackson\core\jackson-databind\2.11.4\jackson-databind-2.11.4.jar;C:\Users\sfjbs\.m2\repository\com\fasterxml\jackson\core\jackson-core\2.11.4\jackson-core-2.11.4.jar;C:\Users\sfjbs\.m2\repository\com\fasterxml\jackson\datatype\jackson-datatype-jsr310\2.11.4\jackson-datatype-jsr310-2.11.4.jar;C:\Users\sfjbs\.m2\repository\io\micrometer\micrometer-core\1.6.3\micrometer-core-1.6.3.jar;C:\Users\sfjbs\.m2\repository\org\hdrhistogram\HdrHistogram\2.1.12\HdrHistogram-2.1.12.jar;C:\Users\sfjbs\.m2\repository\org\latencyutils\LatencyUtils\2.0.3\LatencyUtils-2.0.3.jar;C:\Users\sfjbs\.m2\repository\org\springframework\boot\spring-boot-starter
Launcher Type: SUN_STANDARD

[Global flags]
     intx CICompilerCount                          = 2                                         {product} {ergonomic}
     uint ConcGCThreads                            = 1                                         {product} {ergonomic}
     uint G1ConcRefinementThreads                  = 2                                         {product} {ergonomic}
   size_t G1HeapRegionSize                         = 1048576                                   {product} {ergonomic}
    uintx GCDrainStackTargetSize                   = 64                                        {product} {ergonomic}
   size_t InitialHeapSize                          = 134217728                                 {product} {ergonomic}
     bool ManagementServer                         = true                                      {product} {command line}
   size_t MarkStackSize                            = 4194304                                   {product} {ergonomic}
   size_t MaxHeapSize                              = 2147483648                                {product} {ergonomic}
   size_t MaxNewSize                               = 1287651328                                {product} {ergonomic}
   size_t MinHeapDeltaBytes                        = 1048576                                   {product} {ergonomic}
    uintx NonNMethodCodeHeapSize                   = 6396312                                {pd product} {ergonomic}
    uintx NonProfiledCodeHeapSize                  = 245261928                              {pd product} {ergonomic}
    uintx ProfiledCodeHeapSize                     = 0                                      {pd product} {ergonomic}
    uintx ReservedCodeCacheSize                    = 251658240                              {pd product} {ergonomic}
     bool SegmentedCodeCache                       = true                                      {product} {ergonomic}
     intx TieredStopAtLevel                        = 1                                         {product} {command line}
     bool UseCompressedClassPointers               = true                                 {lp64_product} {ergonomic}
     bool UseCompressedOops                        = true                                 {lp64_product} {ergonomic}
     bool UseG1GC                                  = true                                      {product} {ergonomic}
     bool UseLargePagesIndividualAllocation        = false                                  {pd product} {ergonomic}

Logging:
Log output configuration:
 #0: stdout all=warning uptime,level,tags
 #1: stderr all=off uptime,level,tags

Environment Variables:
PATH=C:/Users/sfjbs/Desktop/sts-4.14.1.RELEASE//plugins/org.eclipse.justj.openjdk.hotspot.jre.full.win32.x86_64_17.0.2.v20220201-1208/jre/bin/server;C:/Users/sfjbs/Desktop/sts-4.14.1.RELEASE//plugins/org.eclipse.justj.openjdk.hotspot.jre.full.win32.x86_64_17.0.2.v20220201-1208/jre/bin;C:\Program Files\Common Files\Oracle\Java\javapath;C:\Windows\system32;C:\Windows;C:\Windows\System32\Wbem;C:\Windows\System32\WindowsPowerShell\v1.0\;C:\Windows\System32\OpenSSH\;C:\Users\sfjbs\Downloads\javamicro-20220514T101743Z-001\javamicro\apache-maven-3.8.5-bin\apache-maven-3.8.5\bin;C:\Users\sfjbs\Downloads\javamicro-20220514T101743Z-001\javamicro\apache-maven-3.8.5-bin\apache-maven-3.8.5\lib;C:\Program Files\Docker\Docker\resources\bin;C:\ProgramData\DockerDesktop\version-bin;C:\Program Files\Git\cmd;C:\Users\sfjbs\AppData\Local\Microsoft\WindowsApps;C:\Users\sfjbs\Downloads\javamicro-20220514T101743Z-001\javamicro\apache-maven-3.8.5-bin\apache-maven-3.8.5\bin;C:\Users\sfjbs\Downloads\javamicro-20220514T101743Z-001\javamicro\apache-maven-3.8.5-bin\apache-maven-3.8.5\lib;;C:\Program Files\JetBrains\IntelliJ IDEA Community Edition 2021.3.3\bin;;C:\Users\sfjbs\Desktop\sts-4.14.1.RELEASE;
USERNAME=sfjbs
OS=Windows_NT
PROCESSOR_IDENTIFIER=Intel64 Family 6 Model 85 Stepping 7, GenuineIntel



---------------  S Y S T E M  ---------------

OS: Windows 10 , 64 bit Build 19041 (10.0.19041.1706)
Hyper-V role detected

CPU:total 2 (initial active 2) (1 cores per cpu, 2 threads per core) family 6 model 85 stepping 7 microcode 0xffffffff, cmov, cx8, fxsr, mmx, sse, sse2, sse3, ssse3, sse4.1, sse4.2, popcnt, avx, avx2, aes, clmul, erms, rtm, 3dnowpref, lzcnt, ht, tsc, bmi1, bmi2, adx, evex, fma

Memory: 4k page, system-wide physical 8190M (2383M free)
TotalPageFile size 10237M (AvailPageFile size 58M)
current process WorkingSet (physical memory assigned to process): 87M, peak: 87M
current process commit charge ("private bytes"): 217M, peak: 272M

vm_info: Java HotSpot(TM) 64-Bit Server VM (11.0.15+8-LTS-149) for windows-amd64 JRE (11.0.15+8-LTS-149), built on Mar  9 2022 22:42:32 by "mach5one" with MS VC++ 15.9 (VS2017)

END.
